2022-01-08T20:42:20: PM2 log: ===============================================================================
2022-01-08T20:42:20: PM2 log: --- New PM2 Daemon started ----------------------------------------------------
2022-01-08T20:42:20: PM2 log: Time                 : Sat Jan 08 2022 20:42:20 GMT+0000 (Coordinated Universal Time)
2022-01-08T20:42:20: PM2 log: PM2 version          : 5.1.2
2022-01-08T20:42:20: PM2 log: Node.js version      : 16.13.1
2022-01-08T20:42:20: PM2 log: Current arch         : x64
2022-01-08T20:42:20: PM2 log: PM2 home             : /home/dana/.pm2
2022-01-08T20:42:20: PM2 log: PM2 PID file         : /home/dana/.pm2/pm2.pid
2022-01-08T20:42:20: PM2 log: RPC socket file      : /home/dana/.pm2/rpc.sock
2022-01-08T20:42:20: PM2 log: BUS socket file      : /home/dana/.pm2/pub.sock
2022-01-08T20:42:20: PM2 log: Application log path : /home/dana/.pm2/logs
2022-01-08T20:42:20: PM2 log: Worker Interval      : 30000
2022-01-08T20:42:20: PM2 log: Process dump file    : /home/dana/.pm2/dump.pm2
2022-01-08T20:42:20: PM2 log: Concurrent actions   : 2
2022-01-08T20:42:20: PM2 log: SIGTERM timeout      : 1600
2022-01-08T20:42:20: PM2 log: ===============================================================================
2022-01-08T20:42:20: PM2 log: App [app:0] starting in -fork mode-
2022-01-08T20:42:20: PM2 log: App [app:0] online
2022-01-08T21:07:12: PM2 log: Stopping app:app id:0
2022-01-08T21:07:12: PM2 log: App [app:0] exited with code [0] via signal [SIGINT]
2022-01-08T21:07:12: PM2 log: pid=3866 msg=process killed
2022-01-08T21:07:12: PM2 log: PM2 successfully stopped
2022-01-08T21:07:24: PM2 log: ===============================================================================
2022-01-08T21:07:24: PM2 log: --- New PM2 Daemon started ----------------------------------------------------
2022-01-08T21:07:24: PM2 log: Time                 : Sat Jan 08 2022 21:07:24 GMT+0000 (Coordinated Universal Time)
2022-01-08T21:07:24: PM2 log: PM2 version          : 5.1.2
2022-01-08T21:07:24: PM2 log: Node.js version      : 16.13.1
2022-01-08T21:07:24: PM2 log: Current arch         : x64
2022-01-08T21:07:24: PM2 log: PM2 home             : /home/dana/.pm2
2022-01-08T21:07:24: PM2 log: PM2 PID file         : /home/dana/.pm2/pm2.pid
2022-01-08T21:07:24: PM2 log: RPC socket file      : /home/dana/.pm2/rpc.sock
2022-01-08T21:07:24: PM2 log: BUS socket file      : /home/dana/.pm2/pub.sock
2022-01-08T21:07:24: PM2 log: Application log path : /home/dana/.pm2/logs
2022-01-08T21:07:24: PM2 log: Worker Interval      : 30000
2022-01-08T21:07:24: PM2 log: Process dump file    : /home/dana/.pm2/dump.pm2
2022-01-08T21:07:24: PM2 log: Concurrent actions   : 2
2022-01-08T21:07:24: PM2 log: SIGTERM timeout      : 1600
2022-01-08T21:07:24: PM2 log: ===============================================================================
2022-01-08T21:07:33: PM2 log: App [app:0] starting in -fork mode-
2022-01-08T21:07:33: PM2 log: App [app:0] online
2022-01-08T21:10:42: PM2 log: Stopping app:app id:0
2022-01-08T21:10:42: PM2 log: App [app:0] exited with code [0] via signal [SIGINT]
2022-01-08T21:10:42: PM2 log: pid=6358 msg=process killed
2022-01-08T21:10:42: PM2 log: App [app:0] starting in -fork mode-
2022-01-08T21:10:42: PM2 log: App [app:0] online
